<?xml version="1.0" encoding="UTF-8"?>
<!-- Generated by org.testng.reporters.JUnitXMLReporter -->
<testsuite ignored="5" hostname="LIN83005874" failures="0" tests="1" name="Default test" time="39.644" errors="0" timestamp="2022-10-10T10:51:47 IST">
  <testcase classname="TestCases.HomeTest" name="homePageTC001" time="5.177"/>
  <testcase classname="TestCases.HomeTest" name="homePageTC002" time="0.0">
    <ignored/>
  </testcase> <!-- homePageTC002 -->
  <testcase classname="TestCases.HomeTest" name="homePageTC004" time="0.0">
    <ignored/>
  </testcase> <!-- homePageTC004 -->
  <testcase classname="TestCases.HomeTest" name="homePageTC006" time="0.0">
    <ignored/>
  </testcase> <!-- homePageTC006 -->
  <testcase classname="TestCases.HomeTest" name="homePageTC008" time="0.0">
    <ignored/>
  </testcase> <!-- homePageTC008 -->
  <testcase classname="TestCases.HomeTest" name="homePageTC007" time="0.0">
    <ignored/>
  </testcase> <!-- homePageTC007 -->
</testsuite> <!-- Default test -->
