<?xml version="1.0" encoding="UTF-8"?>
<!-- Generated by org.testng.reporters.JUnitXMLReporter -->
<testsuite ignored="0" hostname="LIN83005874" failures="1" tests="6" name="Test" time="16.307" errors="0" timestamp="2022-10-07T18:11:30 IST">
  <testcase classname="TestCases.HomeTest" name="homePageTC001" time="0.046">
    <failure type="java.lang.AssertionError" message="expected [false] but found [Online Shopping site in India: Shop Online for Mobiles, Books, Watches, Shoes and More - Amazon.in]">
      <![CDATA[java.lang.AssertionError: expected [false] but found [Online Shopping site in India: Shop Online for Mobiles, Books, Watches, Shoes and More - Amazon.in]
at Pages.HomePage.verifyHomePage(HomePage.java:33)
at TestCases.HomeTest.homePageTC001(HomeTest.java:21)
at java.base/java.util.ArrayList.forEach(ArrayList.java:1511)
... Removed 30 stack frames]]>
    </failure>
  </testcase> <!-- homePageTC001 -->
  <testcase classname="TestCases.HomeTest" name="homePageTC002" time="0.084"/>
  <testcase classname="TestCases.HomeTest" name="homePageTC004" time="0.078"/>
  <testcase classname="TestCases.HomeTest" name="homePageTC006" time="0.127"/>
  <testcase classname="TestCases.HomeTest" name="homePageTC007" time="2.736"/>
  <testcase classname="TestCases.HomeTest" name="homePageTC008" time="2.186"/>
</testsuite> <!-- Test -->
