<?xml version="1.0" encoding="UTF-8"?>
<testng-results ignored="5" total="6" passed="1" failed="0" skipped="0">
  <reporter-output>
  </reporter-output>
  <suite started-at="2022-10-10T10:51:07 IST" name="Default suite" finished-at="2022-10-10T10:51:47 IST" duration-ms="39644">
    <groups>
    </groups>
    <test started-at="2022-10-10T10:51:07 IST" name="Default test" finished-at="2022-10-10T10:51:47 IST" duration-ms="39644">
      <class name="TestCases.HomeTest">
        <test-method is-config="true" signature="BeforeMethod()[pri:0, instance:TestCases.HomeTest@702b8b12]" started-at="2022-10-10T10:51:07 IST" name="BeforeMethod" finished-at="2022-10-10T10:51:41 IST" duration-ms="33591" status="PASS">
          <reporter-output>
          </reporter-output>
        </test-method> <!-- BeforeMethod -->
        <test-method signature="homePageTC001()[pri:0, instance:TestCases.HomeTest@702b8b12]" started-at="2022-10-10T10:51:41 IST" name="homePageTC001" finished-at="2022-10-10T10:51:46 IST" duration-ms="5177" status="PASS">
          <reporter-output>
          </reporter-output>
        </test-method> <!-- homePageTC001 -->
        <test-method is-config="true" signature="AfterMethod()[pri:0, instance:TestCases.HomeTest@702b8b12]" started-at="2022-10-10T10:51:46 IST" name="AfterMethod" finished-at="2022-10-10T10:51:47 IST" duration-ms="787" status="PASS">
          <reporter-output>
          </reporter-output>
        </test-method> <!-- AfterMethod -->
      </class> <!-- TestCases.HomeTest -->
    </test> <!-- Default test -->
  </suite> <!-- Default suite -->
</testng-results>
